<?xml version="1.0" encoding="UTF-8"?>
<testsuite xmlns:xsi="http://www.w3.org/2001/XMLSchema-instance" xsi:noNamespaceSchemaLocation="https://maven.apache.org/surefire/maven-surefire-plugin/xsd/surefire-test-report-3.0.xsd" version="3.0" name="pdt.playground.Junit5ExampleFeaturesTest" time="0.179" tests="19" errors="0" skipped="1" failures="1">
  <properties>
    <property name="sun.desktop" value="windows"/>
    <property name="awt.toolkit" value="sun.awt.windows.WToolkit"/>
    <property name="java.specification.version" value="11"/>
    <property name="sun.cpu.isalist" value="amd64"/>
    <property name="sun.jnu.encoding" value="Cp1252"/>
    <property name="java.class.path" value="C:\Users\jpereira\Documents\junit-5-all-features\target\test-classes;C:\Users\jpereira\Documents\junit-5-all-features\target\classes;C:\Users\jpereira\.m2\repository\org\junit\jupiter\junit-jupiter-engine\5.7.0\junit-jupiter-engine-5.7.0.jar;C:\Users\jpereira\.m2\repository\org\apiguardian\apiguardian-api\1.1.0\apiguardian-api-1.1.0.jar;C:\Users\jpereira\.m2\repository\org\junit\platform\junit-platform-engine\1.7.0\junit-platform-engine-1.7.0.jar;C:\Users\jpereira\.m2\repository\org\junit\jupiter\junit-jupiter\5.7.0\junit-jupiter-5.7.0.jar;C:\Users\jpereira\.m2\repository\org\junit\jupiter\junit-jupiter-params\5.7.0\junit-jupiter-params-5.7.0.jar;C:\Users\jpereira\.m2\repository\org\junit\jupiter\junit-jupiter-api\5.7.0\junit-jupiter-api-5.7.0.jar;C:\Users\jpereira\.m2\repository\org\opentest4j\opentest4j\1.2.0\opentest4j-1.2.0.jar;C:\Users\jpereira\.m2\repository\org\junit\platform\junit-platform-commons\1.7.0\junit-platform-commons-1.7.0.jar;"/>
    <property name="java.vm.vendor" value="Amazon.com Inc."/>
    <property name="sun.arch.data.model" value="64"/>
    <property name="user.variant" value=""/>
    <property name="java.vendor.url" value="https://aws.amazon.com/corretto/"/>
    <property name="user.timezone" value="Europe/London"/>
    <property name="java.vm.specification.version" value="11"/>
    <property name="os.name" value="Windows 10"/>
    <property name="sun.java.launcher" value="SUN_STANDARD"/>
    <property name="user.country" value="PT"/>
    <property name="sun.boot.library.path" value="C:\Program Files\Amazon Corretto\jdk11.0.9_11\bin"/>
    <property name="sun.java.command" value="C:\Users\jpereira\AppData\Local\Temp\surefire15104427782339929997\surefirebooter5802584594908019788.jar C:\Users\jpereira\AppData\Local\Temp\surefire15104427782339929997 2021-07-21T02-05-30_895-jvmRun1 surefire13803437823981031418tmp surefire_016110652232551222438tmp"/>
    <property name="jdk.debug" value="release"/>
    <property name="surefire.test.class.path" value="C:\Users\jpereira\Documents\junit-5-all-features\target\test-classes;C:\Users\jpereira\Documents\junit-5-all-features\target\classes;C:\Users\jpereira\.m2\repository\org\junit\jupiter\junit-jupiter-engine\5.7.0\junit-jupiter-engine-5.7.0.jar;C:\Users\jpereira\.m2\repository\org\apiguardian\apiguardian-api\1.1.0\apiguardian-api-1.1.0.jar;C:\Users\jpereira\.m2\repository\org\junit\platform\junit-platform-engine\1.7.0\junit-platform-engine-1.7.0.jar;C:\Users\jpereira\.m2\repository\org\junit\jupiter\junit-jupiter\5.7.0\junit-jupiter-5.7.0.jar;C:\Users\jpereira\.m2\repository\org\junit\jupiter\junit-jupiter-params\5.7.0\junit-jupiter-params-5.7.0.jar;C:\Users\jpereira\.m2\repository\org\junit\jupiter\junit-jupiter-api\5.7.0\junit-jupiter-api-5.7.0.jar;C:\Users\jpereira\.m2\repository\org\opentest4j\opentest4j\1.2.0\opentest4j-1.2.0.jar;C:\Users\jpereira\.m2\repository\org\junit\platform\junit-platform-commons\1.7.0\junit-platform-commons-1.7.0.jar;"/>
    <property name="sun.cpu.endian" value="little"/>
    <property name="user.home" value="C:\Users\jpereira"/>
    <property name="user.language" value="pt"/>
    <property name="java.specification.vendor" value="Oracle Corporation"/>
    <property name="java.version.date" value="2020-10-20"/>
    <property name="java.home" value="C:\Program Files\Amazon Corretto\jdk11.0.9_11"/>
    <property name="file.separator" value="\"/>
    <property name="basedir" value="C:\Users\jpereira\Documents\junit-5-all-features"/>
    <property name="java.vm.compressedOopsMode" value="Zero based"/>
    <property name="line.separator" value="&#10;"/>
    <property name="java.specification.name" value="Java Platform API Specification"/>
    <property name="java.vm.specification.vendor" value="Oracle Corporation"/>
    <property name="java.awt.graphicsenv" value="sun.awt.Win32GraphicsEnvironment"/>
    <property name="surefire.real.class.path" value="C:\Users\jpereira\AppData\Local\Temp\surefire15104427782339929997\surefirebooter5802584594908019788.jar"/>
    <property name="user.script" value=""/>
    <property name="sun.management.compiler" value="HotSpot 64-Bit Tiered Compilers"/>
    <property name="java.runtime.version" value="11.0.9+11-LTS"/>
    <property name="user.name" value="JPereira"/>
    <property name="path.separator" value=";"/>
    <property name="os.version" value="10.0"/>
    <property name="java.runtime.name" value="OpenJDK Runtime Environment"/>
    <property name="file.encoding" value="Cp1252"/>
    <property name="java.vm.name" value="OpenJDK 64-Bit Server VM"/>
    <property name="java.vendor.version" value="Corretto-11.0.9.11.2"/>
    <property name="localRepository" value="C:\Users\jpereira\.m2\repository"/>
    <property name="java.vendor.url.bug" value="https://github.com/corretto/corretto-11/issues/"/>
    <property name="java.io.tmpdir" value="C:\Users\jpereira\AppData\Local\Temp\"/>
    <property name="idea.version" value="2020.2.3"/>
    <property name="java.version" value="11.0.9"/>
    <property name="user.dir" value="C:\Users\jpereira\Documents\junit-5-all-features"/>
    <property name="os.arch" value="amd64"/>
    <property name="java.vm.specification.name" value="Java Virtual Machine Specification"/>
    <property name="java.awt.printerjob" value="sun.awt.windows.WPrinterJob"/>
    <property name="sun.os.patch.level" value=""/>
    <property name="java.library.path" value="C:\Program Files\Amazon Corretto\jdk11.0.9_11\bin;C:\WINDOWS\Sun\Java\bin;C:\WINDOWS\system32;C:\WINDOWS;C:\Program Files\Amazon Corretto\jdk11.0.9_11\bin;C:\Program Files (x86)\Common Files\Oracle\Java\javapath;C:\WINDOWS\system32;C:\WINDOWS;C:\WINDOWS\System32\Wbem;C:\WINDOWS\System32\WindowsPowerShell\v1.0\;C:\WINDOWS\System32\OpenSSH\;C:\Program Files\Intel\WiFi\bin\;C:\Program Files\Common Files\Intel\WirelessCommon\;C:\Program Files (x86)\apache-maven-3.6.3\bin;C:\Program Files\Git\cmd;C:\Program Files (x86)\gradle-6.7.1\bin;C:\Program Files (x86)\GnuWin32\bin;;C:\Program Files\Docker\Docker\resources\bin;C:\ProgramData\DockerDesktop\version-bin;C:\Users\jpereira\AppData\Local\Microsoft\WindowsApps;."/>
    <property name="java.vm.info" value="mixed mode"/>
    <property name="java.vendor" value="Amazon.com Inc."/>
    <property name="java.vm.version" value="11.0.9+11-LTS"/>
    <property name="sun.io.unicode.encoding" value="UnicodeLittle"/>
    <property name="java.class.version" value="55.0"/>
  </properties>
  <testcase name="parameterizedTestActualExpected(String, int)[1]" classname="pdt.playground.Junit5ExampleFeaturesTest" time="0.037">
    <system-out><![CDATA[Before ALL
Initialize test data for Word ADF have 3 letters
Clean up test data for Word ADF have 3 letters
]]></system-out>
  </testcase>
  <testcase name="parameterizedTestActualExpected(String, int)[2]" classname="pdt.playground.Junit5ExampleFeaturesTest" time="0">
    <system-out><![CDATA[Initialize test data for Word sass have 4 letters
Clean up test data for Word sass have 4 letters
]]></system-out>
  </testcase>
  <testcase name="exampleOfDisabledTest" classname="pdt.playground.Junit5ExampleFeaturesTest" time="0">
    <skipped message="public void pdt.playground.Junit5ExampleFeaturesTest.exampleOfDisabledTest() is @Disabled"/>
  </testcase>
  <testcase name="performanceTest" classname="pdt.playground.Junit5ExampleFeaturesTest" time="0.016">
    <system-out><![CDATA[Initialize test data for performanceTest()
Call the code here
Clean up test data for performanceTest()
]]></system-out>
  </testcase>
  <testcase name="test" classname="pdt.playground.Junit5ExampleFeaturesTest" time="0">
    <failure type="org.opentest4j.AssertionFailedError"><![CDATA[org.opentest4j.AssertionFailedError: expected: <0> but was: <1>
	at pdt.playground.Junit5ExampleFeaturesTest.test(Junit5ExampleFeaturesTest.java:33)
]]></failure>
    <system-out><![CDATA[Initialize test data for Test first test
Clean up test data for Test first test
]]></system-out>
  </testcase>
  <testcase name="repeatTest" classname="pdt.playground.Junit5ExampleFeaturesTest" time="0.015">
    <system-out><![CDATA[Initialize test data for repetition 1 of 10
Clean up test data for repetition 1 of 10
]]></system-out>
  </testcase>
  <testcase name="repeatTest" classname="pdt.playground.Junit5ExampleFeaturesTest" time="0">
    <system-out><![CDATA[Initialize test data for repetition 2 of 10
Clean up test data for repetition 2 of 10
]]></system-out>
  </testcase>
  <testcase name="repeatTest" classname="pdt.playground.Junit5ExampleFeaturesTest" time="0">
    <system-out><![CDATA[Initialize test data for repetition 3 of 10
Clean up test data for repetition 3 of 10
]]></system-out>
  </testcase>
  <testcase name="repeatTest" classname="pdt.playground.Junit5ExampleFeaturesTest" time="0">
    <system-out><![CDATA[Initialize test data for repetition 4 of 10
Clean up test data for repetition 4 of 10
]]></system-out>
  </testcase>
  <testcase name="repeatTest" classname="pdt.playground.Junit5ExampleFeaturesTest" time="0">
    <system-out><![CDATA[Initialize test data for repetition 5 of 10
Clean up test data for repetition 5 of 10
]]></system-out>
  </testcase>
  <testcase name="repeatTest" classname="pdt.playground.Junit5ExampleFeaturesTest" time="0">
    <system-out><![CDATA[Initialize test data for repetition 6 of 10
Clean up test data for repetition 6 of 10
]]></system-out>
  </testcase>
  <testcase name="repeatTest" classname="pdt.playground.Junit5ExampleFeaturesTest" time="0">
    <system-out><![CDATA[Initialize test data for repetition 7 of 10
Clean up test data for repetition 7 of 10
]]></system-out>
  </testcase>
  <testcase name="repeatTest" classname="pdt.playground.Junit5ExampleFeaturesTest" time="0">
    <system-out><![CDATA[Initialize test data for repetition 8 of 10
Clean up test data for repetition 8 of 10
]]></system-out>
  </testcase>
  <testcase name="repeatTest" classname="pdt.playground.Junit5ExampleFeaturesTest" time="0">
    <system-out><![CDATA[Initialize test data for repetition 9 of 10
Clean up test data for repetition 9 of 10
]]></system-out>
  </testcase>
  <testcase name="repeatTest" classname="pdt.playground.Junit5ExampleFeaturesTest" time="0.016">
    <system-out><![CDATA[Initialize test data for repetition 10 of 10
Clean up test data for repetition 10 of 10
]]></system-out>
  </testcase>
  <testcase name="parameterizedTest(String)[1]" classname="pdt.playground.Junit5ExampleFeaturesTest" time="0">
    <system-out><![CDATA[Initialize test data for [1] ADF
Clean up test data for [1] ADF
]]></system-out>
  </testcase>
  <testcase name="parameterizedTest(String)[2]" classname="pdt.playground.Junit5ExampleFeaturesTest" time="0">
    <system-out><![CDATA[Initialize test data for [2] sass
Clean up test data for [2] sass
]]></system-out>
  </testcase>
  <testcase name="parameterizedTest(String)[3]" classname="pdt.playground.Junit5ExampleFeaturesTest" time="0">
    <system-out><![CDATA[Initialize test data for [3] w
Clean up test data for [3] w
]]></system-out>
  </testcase>
  <testcase name="testThrows" classname="pdt.playground.Junit5ExampleFeaturesTest" time="0">
    <system-out><![CDATA[Initialize test data for Testing null point exception
Clean up test data for Testing null point exception
]]></system-out>
  </testcase>
</testsuite>